<?xml version="1.0" encoding="UTF-8"?>
<!-- Generated by org.testng.reporters.JUnitReportReporter -->
<testsuite hostname="DESKTOP-A60GU2F" name="cucumberRunner.FluidTestRunner" tests="1" failures="0" timestamp="23 Jan 2018 13:50:24 GMT" time="209.270" errors="0">
  <testcase name="feature" time="209.270" classname="cucumberRunner.FluidTestRunner"/>
</testsuite> <!-- cucumberRunner.FluidTestRunner -->
